Determining if the Q_WS_WIN exist failed with the following output:
Change Dir: /home/lukey15/Research/iAnt-repo/iAnt-ARGoS/MPFA/build/CMakeFiles/CMakeTmp

Run Build Command:/usr/bin/make "cmTryCompileExec3968880517/fast"
/usr/bin/make -f CMakeFiles/cmTryCompileExec3968880517.dir/build.make CMakeFiles/cmTryCompileExec3968880517.dir/build
make[1]: Entering directory `/home/lukey15/Research/iAnt-repo/iAnt-ARGoS/MPFA/build/CMakeFiles/CMakeTmp'
/usr/bin/cmake -E cmake_progress_report /home/lukey15/Research/iAnt-repo/iAnt-ARGoS/MPFA/build/CMakeFiles/CMakeTmp/CMakeFiles 1
Building CXX object CMakeFiles/cmTryCompileExec3968880517.dir/CheckSymbolExists.cxx.o
/usr/bin/c++    -I/home/lukey15/miniconda/include    -o CMakeFiles/cmTryCompileExec3968880517.dir/CheckSymbolExists.cxx.o -c /home/lukey15/Research/iAnt-repo/iAnt-ARGoS/MPFA/build/CMakeFiles/CMakeTmp/CheckSymbolExists.cxx
/home/lukey15/Research/iAnt-repo/iAnt-ARGoS/MPFA/build/CMakeFiles/CMakeTmp/CheckSymbolExists.cxx: In function ‘int main(int, char**)’:
/home/lukey15/Research/iAnt-repo/iAnt-ARGoS/MPFA/build/CMakeFiles/CMakeTmp/CheckSymbolExists.cxx:8:19: error: ‘Q_WS_WIN’ was not declared in this scope
   return ((int*)(&Q_WS_WIN))[argc];
                   ^
make[1]: *** [CMakeFiles/cmTryCompileExec3968880517.dir/CheckSymbolExists.cxx.o] Error 1
make[1]: Leaving directory `/home/lukey15/Research/iAnt-repo/iAnt-ARGoS/MPFA/build/CMakeFiles/CMakeTmp'
make: *** [cmTryCompileExec3968880517/fast] Error 2

File /home/lukey15/Research/iAnt-repo/iAnt-ARGoS/MPFA/build/CMakeFiles/CMakeTmp/CheckSymbolExists.cxx:
/* */
#include <QtCore/qglobal.h>

int main(int argc, char** argv)
{
  (void)argv;
#ifndef Q_WS_WIN
  return ((int*)(&Q_WS_WIN))[argc];
#else
  (void)argc;
  return 0;
#endif
}

Determining if the Q_WS_QWS exist failed with the following output:
Change Dir: /home/lukey15/Research/iAnt-repo/iAnt-ARGoS/MPFA/build/CMakeFiles/CMakeTmp

Run Build Command:/usr/bin/make "cmTryCompileExec786240540/fast"
/usr/bin/make -f CMakeFiles/cmTryCompileExec786240540.dir/build.make CMakeFiles/cmTryCompileExec786240540.dir/build
make[1]: Entering directory `/home/lukey15/Research/iAnt-repo/iAnt-ARGoS/MPFA/build/CMakeFiles/CMakeTmp'
/usr/bin/cmake -E cmake_progress_report /home/lukey15/Research/iAnt-repo/iAnt-ARGoS/MPFA/build/CMakeFiles/CMakeTmp/CMakeFiles 1
Building CXX object CMakeFiles/cmTryCompileExec786240540.dir/CheckSymbolExists.cxx.o
/usr/bin/c++    -I/home/lukey15/miniconda/include    -o CMakeFiles/cmTryCompileExec786240540.dir/CheckSymbolExists.cxx.o -c /home/lukey15/Research/iAnt-repo/iAnt-ARGoS/MPFA/build/CMakeFiles/CMakeTmp/CheckSymbolExists.cxx
/home/lukey15/Research/iAnt-repo/iAnt-ARGoS/MPFA/build/CMakeFiles/CMakeTmp/CheckSymbolExists.cxx: In function ‘int main(int, char**)’:
/home/lukey15/Research/iAnt-repo/iAnt-ARGoS/MPFA/build/CMakeFiles/CMakeTmp/CheckSymbolExists.cxx:8:19: error: ‘Q_WS_QWS’ was not declared in this scope
   return ((int*)(&Q_WS_QWS))[argc];
                   ^
make[1]: Leaving directory `/home/lukey15/Research/iAnt-repo/iAnt-ARGoS/MPFA/build/CMakeFiles/CMakeTmp'
make[1]: *** [CMakeFiles/cmTryCompileExec786240540.dir/CheckSymbolExists.cxx.o] Error 1
make: *** [cmTryCompileExec786240540/fast] Error 2

File /home/lukey15/Research/iAnt-repo/iAnt-ARGoS/MPFA/build/CMakeFiles/CMakeTmp/CheckSymbolExists.cxx:
/* */
#include <QtCore/qglobal.h>

int main(int argc, char** argv)
{
  (void)argv;
#ifndef Q_WS_QWS
  return ((int*)(&Q_WS_QWS))[argc];
#else
  (void)argc;
  return 0;
#endif
}

Determining if the Q_WS_MAC exist failed with the following output:
Change Dir: /home/lukey15/Research/iAnt-repo/iAnt-ARGoS/MPFA/build/CMakeFiles/CMakeTmp

Run Build Command:/usr/bin/make "cmTryCompileExec2249891247/fast"
/usr/bin/make -f CMakeFiles/cmTryCompileExec2249891247.dir/build.make CMakeFiles/cmTryCompileExec2249891247.dir/build
make[1]: Entering directory `/home/lukey15/Research/iAnt-repo/iAnt-ARGoS/MPFA/build/CMakeFiles/CMakeTmp'
/usr/bin/cmake -E cmake_progress_report /home/lukey15/Research/iAnt-repo/iAnt-ARGoS/MPFA/build/CMakeFiles/CMakeTmp/CMakeFiles 1
Building CXX object CMakeFiles/cmTryCompileExec2249891247.dir/CheckSymbolExists.cxx.o
/usr/bin/c++    -I/home/lukey15/miniconda/include    -o CMakeFiles/cmTryCompileExec2249891247.dir/CheckSymbolExists.cxx.o -c /home/lukey15/Research/iAnt-repo/iAnt-ARGoS/MPFA/build/CMakeFiles/CMakeTmp/CheckSymbolExists.cxx
/home/lukey15/Research/iAnt-repo/iAnt-ARGoS/MPFA/build/CMakeFiles/CMakeTmp/CheckSymbolExists.cxx: In function ‘int main(int, char**)’:
/home/lukey15/Research/iAnt-repo/iAnt-ARGoS/MPFA/build/CMakeFiles/CMakeTmp/CheckSymbolExists.cxx:8:19: error: ‘Q_WS_MAC’ was not declared in this scope
   return ((int*)(&Q_WS_MAC))[argc];
                   ^
make[1]: *** [CMakeFiles/cmTryCompileExec2249891247.dir/CheckSymbolExists.cxx.o] Error 1
make[1]: Leaving directory `/home/lukey15/Research/iAnt-repo/iAnt-ARGoS/MPFA/build/CMakeFiles/CMakeTmp'
make: *** [cmTryCompileExec2249891247/fast] Error 2

File /home/lukey15/Research/iAnt-repo/iAnt-ARGoS/MPFA/build/CMakeFiles/CMakeTmp/CheckSymbolExists.cxx:
/* */
#include <QtCore/qglobal.h>

int main(int argc, char** argv)
{
  (void)argv;
#ifndef Q_WS_MAC
  return ((int*)(&Q_WS_MAC))[argc];
#else
  (void)argc;
  return 0;
#endif
}

